d:\gamedev\ccppcsharp\algorithmsolution\datastructure\debug\datastructure.pch
d:\gamedev\ccppcsharp\algorithmsolution\datastructure\debug\vc141.pdb
d:\gamedev\ccppcsharp\algorithmsolution\datastructure\debug\stdafx.obj
d:\gamedev\ccppcsharp\algorithmsolution\datastructure\debug\dblinkedlist.obj
d:\gamedev\ccppcsharp\algorithmsolution\datastructure\debug\assemblyinfo.obj
d:\gamedev\ccppcsharp\algorithmsolution\datastructure\debug\advenceddll.obj
d:\gamedev\ccppcsharp\algorithmsolution\datastructure\debug\.netframework,version=v4.6.1.assemblyattributes.obj
d:\gamedev\ccppcsharp\algorithmsolution\datastructure\debug\.netframework,version=v4.6.1.assemblyattributes.asm
d:\gamedev\ccppcsharp\algorithmsolution\datastructure\debug\app.res
d:\gamedev\ccppcsharp\algorithmsolution\datastructure\debug\datastructure.vcxprojassemblyreference.cache
d:\gamedev\ccppcsharp\algorithmsolution\datastructure\debug\datastructure.pdb
d:\gamedev\ccppcsharp\algorithmsolution\datastructure\debug\datastructure.tlog\cl.command.1.tlog
d:\gamedev\ccppcsharp\algorithmsolution\datastructure\debug\datastructure.tlog\cl.read.1.tlog
d:\gamedev\ccppcsharp\algorithmsolution\datastructure\debug\datastructure.tlog\cl.write.1.tlog
d:\gamedev\ccppcsharp\algorithmsolution\datastructure\debug\datastructure.tlog\link.2284-cvtres.read.1.tlog
d:\gamedev\ccppcsharp\algorithmsolution\datastructure\debug\datastructure.tlog\link.2284-cvtres.write.1.tlog
d:\gamedev\ccppcsharp\algorithmsolution\datastructure\debug\datastructure.tlog\link.2284-rc.read.1.tlog
d:\gamedev\ccppcsharp\algorithmsolution\datastructure\debug\datastructure.tlog\link.2284-rc.write.1.tlog
d:\gamedev\ccppcsharp\algorithmsolution\datastructure\debug\datastructure.tlog\link.2284.read.1.tlog
d:\gamedev\ccppcsharp\algorithmsolution\datastructure\debug\datastructure.tlog\link.2284.write.1.tlog
d:\gamedev\ccppcsharp\algorithmsolution\datastructure\debug\datastructure.tlog\link.command.1.tlog
d:\gamedev\ccppcsharp\algorithmsolution\datastructure\debug\datastructure.tlog\link.read.1.tlog
d:\gamedev\ccppcsharp\algorithmsolution\datastructure\debug\datastructure.tlog\link.write.1.tlog
d:\gamedev\ccppcsharp\algorithmsolution\datastructure\debug\datastructure.tlog\metagen.read.1.tlog
d:\gamedev\ccppcsharp\algorithmsolution\datastructure\debug\datastructure.tlog\metagen.write.1.tlog
d:\gamedev\ccppcsharp\algorithmsolution\datastructure\debug\datastructure.tlog\rc.command.1.tlog
d:\gamedev\ccppcsharp\algorithmsolution\datastructure\debug\datastructure.tlog\rc.read.1.tlog
d:\gamedev\ccppcsharp\algorithmsolution\datastructure\debug\datastructure.tlog\rc.write.1.tlog
